Command line:
   full_adder_isim_beh.exe
     -simmode  gui
     -simrunnum  0
     -socket  49973

Tue Aug 14 17:35:27 2018


 Elaboration Time: 0.02 sec

 Current Memory Usage: 246.493 Meg

 Total Signals          : 5
 Total Nets             : 5
 Total Signal Drivers   : 2
 Total Blocks           : 2
 Total Primitive Blocks : 2
 Total Processes        : 2
 Total Traceable Variables  : 8
 Total Scalar Nets and Variables : 365
Total Line Count : 2

 Total Simulation Time: 0.03 sec

 Current Memory Usage: 321.995 Meg

Tue Aug 14 17:35:30 2018

